<?xml version="1.0" encoding="UTF-8"?>
<coverage generated="1776361426570" clover="3.2.0">
  <project timestamp="1776361426570" name="All files">
    <metrics statements="19" coveredstatements="18" conditionals="10" coveredconditionals="7" methods="5" coveredmethods="5" elements="34" coveredelements="30" complexity="0" loc="19" ncloc="19" packages="1" files="1" classes="1"/>
    <file name="form.jsx" path="F:\WorkspaceFS\FSD-2\Testing\Frontend\src\components\form.jsx">
      <metrics statements="19" coveredstatements="18" conditionals="10" coveredconditionals="7" methods="5" coveredmethods="5"/>
      <line num="5" count="9" type="stmt"/>
      <line num="6" count="9" type="stmt"/>
      <line num="7" count="9" type="stmt"/>
      <line num="9" count="9" type="stmt"/>
      <line num="10" count="2" type="stmt"/>
      <line num="12" count="2" type="cond" truecount="2" falsecount="2"/>
      <line num="14" count="0" type="stmt"/>
      <line num="16" count="2" type="cond" truecount="3" falsecount="1"/>
      <line num="18" count="1" type="stmt"/>
      <line num="20" count="2" type="stmt"/>
      <line num="21" count="2" type="stmt"/>
      <line num="24" count="9" type="stmt"/>
      <line num="25" count="2" type="stmt"/>
      <line num="26" count="2" type="cond" truecount="2" falsecount="0"/>
      <line num="27" count="1" type="stmt"/>
      <line num="28" count="1" type="stmt"/>
      <line num="32" count="9" type="stmt"/>
      <line num="42" count="2" type="stmt"/>
      <line num="53" count="2" type="stmt"/>
    </file>
  </project>
</coverage>
