{"F:\\WorkspaceFS\\FSD-2\\Testing\\Frontend\\src\\components\\form.jsx": {"path":"F:\\WorkspaceFS\\FSD-2\\Testing\\Frontend\\src\\components\\form.jsx","statementMap":{"0":{"start":{"line":5,"column":24},"end":{"line":5,"column":null}},"1":{"start":{"line":6,"column":30},"end":{"line":6,"column":null}},"2":{"start":{"line":7,"column":26},"end":{"line":7,"column":null}},"3":{"start":{"line":9,"column":19},"end":{"line":22,"column":null}},"4":{"start":{"line":10,"column":17},"end":{"line":10,"column":null}},"5":{"start":{"line":12,"column":4},"end":{"line":14,"column":null}},"6":{"start":{"line":12,"column":16},"end":{"line":12,"column":null}},"7":{"start":{"line":12,"column":29},"end":{"line":14,"column":null}},"8":{"start":{"line":14,"column":6},"end":{"line":14,"column":null}},"9":{"start":{"line":16,"column":4},"end":{"line":18,"column":null}},"10":{"start":{"line":16,"column":19},"end":{"line":16,"column":null}},"11":{"start":{"line":16,"column":35},"end":{"line":18,"column":null}},"12":{"start":{"line":18,"column":6},"end":{"line":18,"column":null}},"13":{"start":{"line":20,"column":4},"end":{"line":20,"column":null}},"14":{"start":{"line":21,"column":4},"end":{"line":21,"column":null}},"15":{"start":{"line":24,"column":23},"end":{"line":30,"column":null}},"16":{"start":{"line":25,"column":4},"end":{"line":25,"column":null}},"17":{"start":{"line":26,"column":4},"end":{"line":29,"column":null}},"18":{"start":{"line":27,"column":6},"end":{"line":27,"column":null}},"19":{"start":{"line":28,"column":6},"end":{"line":28,"column":null}},"20":{"start":{"line":32,"column":2},"end":{"line":75,"column":null}},"21":{"start":{"line":42,"column":27},"end":{"line":42,"column":null}},"22":{"start":{"line":53,"column":27},"end":{"line":53,"column":null}}},"fnMap":{"0":{"name":"Form","decl":{"start":{"line":4,"column":24},"end":{"line":4,"column":31}},"loc":{"start":{"line":4,"column":31},"end":{"line":77,"column":null}},"line":4},"1":{"name":"(anonymous_1)","decl":{"start":{"line":9,"column":19},"end":{"line":9,"column":25}},"loc":{"start":{"line":9,"column":25},"end":{"line":22,"column":null}},"line":9},"2":{"name":"(anonymous_2)","decl":{"start":{"line":24,"column":23},"end":{"line":24,"column":24}},"loc":{"start":{"line":24,"column":30},"end":{"line":30,"column":null}},"line":24},"3":{"name":"(anonymous_3)","decl":{"start":{"line":42,"column":20},"end":{"line":42,"column":21}},"loc":{"start":{"line":42,"column":27},"end":{"line":42,"column":null}},"line":42},"4":{"name":"(anonymous_4)","decl":{"start":{"line":53,"column":20},"end":{"line":53,"column":21}},"loc":{"start":{"line":53,"column":27},"end":{"line":53,"column":null}},"line":53}},"branchMap":{"0":{"loc":{"start":{"line":12,"column":4},"end":{"line":14,"column":null}},"type":"if","locations":[{"start":{"line":12,"column":4},"end":{"line":14,"column":null}},{"start":{"line":12,"column":29},"end":{"line":14,"column":null}}],"line":12},"1":{"loc":{"start":{"line":12,"column":29},"end":{"line":14,"column":null}},"type":"if","locations":[{"start":{"line":12,"column":29},"end":{"line":14,"column":null}},{"start":{},"end":{}}],"line":12},"2":{"loc":{"start":{"line":16,"column":4},"end":{"line":18,"column":null}},"type":"if","locations":[{"start":{"line":16,"column":4},"end":{"line":18,"column":null}},{"start":{"line":16,"column":35},"end":{"line":18,"column":null}}],"line":16},"3":{"loc":{"start":{"line":16,"column":35},"end":{"line":18,"column":null}},"type":"if","locations":[{"start":{"line":16,"column":35},"end":{"line":18,"column":null}},{"start":{},"end":{}}],"line":16},"4":{"loc":{"start":{"line":26,"column":4},"end":{"line":29,"column":null}},"type":"if","locations":[{"start":{"line":26,"column":4},"end":{"line":29,"column":null}},{"start":{},"end":{}}],"line":26}},"s":{"0":9,"1":9,"2":9,"3":9,"4":2,"5":2,"6":0,"7":2,"8":0,"9":2,"10":0,"11":2,"12":1,"13":2,"14":2,"15":9,"16":2,"17":2,"18":1,"19":1,"20":9,"21":2,"22":2},"f":{"0":9,"1":2,"2":2,"3":2,"4":2},"b":{"0":[0,2],"1":[0,2],"2":[0,2],"3":[1,1],"4":[1,1]},"meta":{"lastBranch":5,"lastFunction":5,"lastStatement":23,"seen":{"f:4:24:4:31":0,"s:5:24:5:Infinity":0,"s:6:30:6:Infinity":1,"s:7:26:7:Infinity":2,"s:9:19:22:Infinity":3,"f:9:19:9:25":1,"s:10:17:10:Infinity":4,"b:12:4:14:Infinity:12:29:14:Infinity":0,"s:12:4:14:Infinity":5,"s:12:16:12:Infinity":6,"b:12:29:14:Infinity:undefined:undefined:undefined:undefined":1,"s:12:29:14:Infinity":7,"s:14:6:14:Infinity":8,"b:16:4:18:Infinity:16:35:18:Infinity":2,"s:16:4:18:Infinity":9,"s:16:19:16:Infinity":10,"b:16:35:18:Infinity:undefined:undefined:undefined:undefined":3,"s:16:35:18:Infinity":11,"s:18:6:18:Infinity":12,"s:20:4:20:Infinity":13,"s:21:4:21:Infinity":14,"s:24:23:30:Infinity":15,"f:24:23:24:24":2,"s:25:4:25:Infinity":16,"b:26:4:29:Infinity:undefined:undefined:undefined:undefined":4,"s:26:4:29:Infinity":17,"s:27:6:27:Infinity":18,"s:28:6:28:Infinity":19,"s:32:2:75:Infinity":20,"f:42:20:42:21":3,"s:42:27:42:Infinity":21,"f:53:20:53:21":4,"s:53:27:53:Infinity":22}}}
}
